TN:
SF:src/bots/dialogAndWelcomeBot.ts
FN:12,(anonymous_7)
FN:15,(anonymous_8)
FN:15,(anonymous_9)
FNF:3
FNH:0
FNDA:0,(anonymous_7)
FNDA:0,(anonymous_8)
FNDA:0,(anonymous_9)
DA:4,0
DA:7,0
DA:9,0
DA:11,0
DA:13,0
DA:15,0
DA:16,0
DA:17,0
DA:18,0
DA:19,0
DA:20,0
DA:21,0
DA:25,0
LF:13
LH:0
BRDA:18,0,0,0
BRDA:18,0,1,0
BRF:2
BRH:0
end_of_record
TN:
SF:src/bots/dialogBot.ts
FN:20,(anonymous_7)
FN:37,(anonymous_8)
FN:37,(anonymous_9)
FN:51,(anonymous_10)
FNF:4
FNH:0
FNDA:0,(anonymous_7)
FNDA:0,(anonymous_8)
FNDA:0,(anonymous_9)
FNDA:0,(anonymous_10)
DA:4,0
DA:8,0
DA:21,0
DA:22,0
DA:23,0
DA:25,0
DA:26,0
DA:28,0
DA:29,0
DA:32,0
DA:33,0
DA:34,0
DA:35,0
DA:37,0
DA:38,0
DA:41,0
DA:44,0
DA:52,0
DA:55,0
DA:56,0
LF:20
LH:0
BRDA:22,0,0,0
BRDA:22,0,1,0
BRDA:25,1,0,0
BRDA:25,1,1,0
BRDA:28,2,0,0
BRDA:28,2,1,0
BRF:6
BRH:0
end_of_record
TN:
SF:src/dialogs/bookingDetails.ts
FNF:0
FNH:0
DA:4,0
LF:1
LH:0
BRF:0
BRH:0
end_of_record
TN:
SF:src/dialogs/bookingDialog.ts
FN:23,(anonymous_7)
FN:43,(anonymous_8)
FN:58,(anonymous_10)
FN:76,(anonymous_12)
FN:91,(anonymous_14)
FN:106,(anonymous_16)
FN:115,(anonymous_18)
FNF:7
FNH:0
FNDA:0,(anonymous_7)
FNDA:0,(anonymous_8)
FNDA:0,(anonymous_10)
FNDA:0,(anonymous_12)
FNDA:0,(anonymous_14)
FNDA:0,(anonymous_16)
FNDA:0,(anonymous_18)
DA:4,0
DA:5,0
DA:6,0
DA:14,0
DA:15,0
DA:17,0
DA:18,0
DA:19,0
DA:20,0
DA:22,0
DA:24,0
DA:26,0
DA:37,0
DA:44,0
DA:46,0
DA:47,0
DA:48,0
DA:49,0
DA:51,0
DA:59,0
DA:62,0
DA:63,0
DA:64,0
DA:65,0
DA:66,0
DA:68,0
DA:77,0
DA:80,0
DA:81,0
DA:82,0
DA:84,0
DA:92,0
DA:95,0
DA:96,0
DA:97,0
DA:100,0
DA:107,0
DA:108,0
DA:110,0
DA:112,0
DA:116,0
DA:117,0
LF:42
LH:0
BRDA:24,0,0,0
BRDA:24,0,1,0
BRDA:46,1,0,0
BRDA:46,1,1,0
BRDA:63,2,0,0
BRDA:63,2,1,0
BRDA:81,3,0,0
BRDA:81,3,1,0
BRDA:81,4,0,0
BRDA:81,4,1,0
BRDA:107,5,0,0
BRDA:107,5,1,0
BRF:12
BRH:0
end_of_record
TN:
SF:src/dialogs/cancelAndHelpDialog.ts
FN:12,(anonymous_7)
FN:16,(anonymous_8)
FN:24,(anonymous_11)
FNF:3
FNH:0
FNDA:0,(anonymous_7)
FNDA:0,(anonymous_8)
FNDA:0,(anonymous_11)
DA:4,0
DA:5,0
DA:11,0
DA:13,0
DA:17,0
DA:18,0
DA:19,0
DA:21,0
DA:25,0
DA:26,0
DA:28,0
DA:31,0
DA:32,0
DA:33,0
DA:36,0
DA:37,0
DA:38,0
LF:17
LH:0
BRDA:18,0,0,0
BRDA:18,0,1,0
BRDA:25,1,0,0
BRDA:25,1,1,0
BRDA:29,2,0,0
BRDA:29,2,1,0
BRDA:29,2,2,0
BRDA:29,2,3,0
BRF:8
BRH:0
end_of_record
TN:
SF:src/dialogs/dateResolverDialog.ts
FN:14,(anonymous_7)
FN:27,(anonymous_9)
FN:38,(anonymous_10)
FN:64,(anonymous_12)
FNF:4
FNH:0
FNDA:0,(anonymous_7)
FNDA:0,(anonymous_9)
FNDA:0,(anonymous_10)
FNDA:0,(anonymous_12)
DA:4,0
DA:5,0
DA:6,0
DA:7,0
DA:9,0
DA:10,0
DA:12,0
DA:15,0
DA:18,0
DA:22,0
DA:24,0
DA:28,0
DA:29,0
DA:35,0
DA:39,0
DA:41,0
DA:42,0
DA:44,0
DA:45,0
DA:47,0
DA:49,0
DA:56,0
DA:57,0
DA:59,0
DA:61,0
DA:65,0
DA:66,0
LF:27
LH:0
BRDA:15,0,0,0
BRDA:15,0,1,0
BRDA:28,1,0,0
BRDA:28,1,1,0
BRDA:47,2,0,0
BRDA:47,2,1,0
BRDA:57,3,0,0
BRDA:57,3,1,0
BRF:8
BRH:0
end_of_record
TN:
SF:src/dialogs/flightBookingRecognizer.ts
FN:10,(anonymous_7)
FN:23,(anonymous_8)
FN:31,(anonymous_9)
FN:35,(anonymous_11)
FN:47,(anonymous_12)
FN:63,(anonymous_13)
FNF:6
FNH:0
FNDA:0,(anonymous_7)
FNDA:0,(anonymous_8)
FNDA:0,(anonymous_9)
FNDA:0,(anonymous_11)
FNDA:0,(anonymous_12)
FNDA:0,(anonymous_13)
DA:5,0
DA:7,0
DA:11,0
DA:12,0
DA:15,0
DA:19,0
DA:24,0
DA:32,0
DA:37,0
DA:38,0
DA:40,0
DA:41,0
DA:44,0
DA:49,0
DA:50,0
DA:52,0
DA:53,0
DA:56,0
DA:64,0
DA:65,0
DA:67,0
DA:68,0
DA:70,0
DA:71,0
LF:24
LH:0
BRDA:11,0,0,0
BRDA:11,0,1,0
BRDA:11,0,2,0
BRDA:11,0,3,0
BRDA:12,1,0,0
BRDA:12,1,1,0
BRDA:37,2,0,0
BRDA:37,2,1,0
BRDA:40,3,0,0
BRDA:40,3,1,0
BRDA:40,4,0,0
BRDA:40,4,1,0
BRDA:49,5,0,0
BRDA:49,5,1,0
BRDA:52,6,0,0
BRDA:52,6,1,0
BRDA:52,7,0,0
BRDA:52,7,1,0
BRDA:65,8,0,0
BRDA:65,8,1,0
BRDA:65,9,0,0
BRDA:65,9,1,0
BRDA:68,10,0,0
BRDA:68,10,1,0
BRDA:68,11,0,0
BRDA:68,11,1,0
BRF:26
BRH:0
end_of_record
TN:
SF:src/dialogs/mainDialog.ts
FN:28,(anonymous_7)
FN:54,(anonymous_8)
FN:70,(anonymous_10)
FN:86,(anonymous_12)
FN:134,(anonymous_14)
FN:154,(anonymous_16)
FNF:6
FNH:0
FNDA:0,(anonymous_7)
FNDA:0,(anonymous_8)
FNDA:0,(anonymous_10)
FNDA:0,(anonymous_12)
FNDA:0,(anonymous_14)
FNDA:0,(anonymous_16)
DA:3,0
DA:4,0
DA:6,0
DA:7,0
DA:9,0
DA:21,0
DA:23,0
DA:25,0
DA:29,0
DA:31,0
DA:32,0
DA:34,0
DA:38,0
DA:46,0
DA:55,0
DA:56,0
DA:58,0
DA:59,0
DA:60,0
DA:61,0
DA:71,0
DA:72,0
DA:73,0
DA:74,0
DA:76,0
DA:77,0
DA:78,0
DA:79,0
DA:87,0
DA:89,0
DA:91,0
DA:95,0
DA:96,0
DA:99,0
DA:100,0
DA:103,0
DA:106,0
DA:107,0
DA:108,0
DA:109,0
DA:112,0
DA:116,0
DA:117,0
DA:118,0
DA:122,0
DA:123,0
DA:126,0
DA:135,0
DA:136,0
DA:137,0
DA:140,0
DA:141,0
DA:144,0
DA:145,0
DA:146,0
DA:156,0
DA:157,0
DA:163,0
DA:164,0
DA:165,0
DA:166,0
DA:170,0
LF:62
LH:0
BRDA:31,0,0,0
BRDA:31,0,1,0
BRDA:34,1,0,0
BRDA:34,1,1,0
BRDA:60,2,0,0
BRDA:60,2,1,0
BRDA:71,3,0,0
BRDA:71,3,1,0
BRDA:77,4,0,0
BRDA:77,4,1,0
BRDA:89,5,0,0
BRDA:89,5,1,0
BRDA:97,6,0,0
BRDA:97,6,1,0
BRDA:97,6,2,0
BRDA:136,7,0,0
BRDA:136,7,1,0
BRDA:136,8,0,0
BRDA:136,8,1,0
BRDA:140,9,0,0
BRDA:140,9,1,0
BRDA:140,10,0,0
BRDA:140,10,1,0
BRDA:144,11,0,0
BRDA:144,11,1,0
BRDA:156,12,0,0
BRDA:156,12,1,0
BRF:27
BRH:0
end_of_record
